<component name="libraryTable">
  <library name="junit4.12">
    <CLASSES>
      <root url="jar://$USER_HOME$/Desktop/CMSC420/project/junit4.12.jar!/" />
    </CLASSES>
    <JAVADOC />
    <SOURCES />
  </library>
</component>